<?xml version="1.0" encoding="UTF-8"?>
<!-- Generated by org.testng.reporters.JUnitReportReporter -->
<testsuite hostname="DESKTOP-66BAJ88" failures="0" tests="1" name="testcases.TimeSheetModule" time="0.949" errors="0" timestamp="2023-09-03T18:02:52 IST" skipped="0">
  <testcase classname="testcases.TimeSheetModule" name="navigateToTimeSheetModule" time="0.949"/>
</testsuite> <!-- testcases.TimeSheetModule -->
