<?xml version="1.0" encoding="UTF-8"?>
<!-- Generated by org.testng.reporters.JUnitReportReporter -->
<testsuite hostname="DESKTOP-66BAJ88" failures="0" tests="1" name="testcases.ApplyLeaveModule" time="0.726" errors="0" timestamp="2023-09-03T18:02:52 IST" skipped="0">
  <testcase classname="testcases.ApplyLeaveModule" name="navigateToApplyLeaveModule" time="0.726"/>
</testsuite> <!-- testcases.ApplyLeaveModule -->
