<?xml version="1.0" encoding="UTF-8"?>
<!-- Generated by org.testng.reporters.JUnitReportReporter -->
<testsuite hostname="DESKTOP-66BAJ88" failures="0" tests="1" name="testcases.TimeSheetModule" time="1.083" errors="0" timestamp="2023-09-02T17:10:23 IST" skipped="0">
  <testcase classname="testcases.TimeSheetModule" name="navigateToTimeSheetModule" time="1.083"/>
</testsuite> <!-- testcases.TimeSheetModule -->
