<?xml version="1.0" encoding="UTF-8"?>
<!-- Generated by org.testng.reporters.JUnitReportReporter -->
<testsuite hostname="DESKTOP-66BAJ88" failures="0" tests="1" name="base.BaseTest" time="9.550" errors="0" timestamp="2023-08-31T09:27:49 IST" skipped="0">
  <testcase classname="base.BaseTest" name="loginToApplication" time="9.550"/>
</testsuite> <!-- base.BaseTest -->
