<?xml version="1.0" encoding="UTF-8"?>
<!-- Generated by org.testng.reporters.JUnitReportReporter -->
<testsuite hostname="DESKTOP-66BAJ88" failures="0" tests="1" name="testcases.ApplyLeaveModule" time="0.617" errors="0" timestamp="2023-09-02T17:10:23 IST" skipped="0">
  <testcase classname="testcases.ApplyLeaveModule" name="navigateToApplyLeaveModule" time="0.617"/>
</testsuite> <!-- testcases.ApplyLeaveModule -->
